<?xml version="1.0" encoding="UTF-8"?>
<!-- Generated by org.testng.reporters.JUnitReportReporter -->
<testsuite skipped="0" hostname="BDC8-DX-416P60T" name="com.spiderframe.selenium.testsuite.TestSuiteRunner" tests="6" failures="0" timestamp="20 Jun 2017 11:02:32 GMT" time="157.706" errors="0">
  <testcase name="test" time="26.746" classname="com.spiderframe.selenium.testsuite.TestSuiteRunner"/>
  <testcase name="test" time="31.712" classname="com.spiderframe.selenium.testsuite.TestSuiteRunner"/>
  <testcase name="test" time="36.485" classname="com.spiderframe.selenium.testsuite.TestSuiteRunner"/>
  <testcase name="test" time="12.148" classname="com.spiderframe.selenium.testsuite.TestSuiteRunner"/>
  <testcase name="test" time="28.185" classname="com.spiderframe.selenium.testsuite.TestSuiteRunner"/>
  <testcase name="test" time="22.430" classname="com.spiderframe.selenium.testsuite.TestSuiteRunner"/>
</testsuite> <!-- com.spiderframe.selenium.testsuite.TestSuiteRunner -->
