<?xml version="1.0" encoding="UTF-8"?>
<!-- Generated by org.testng.reporters.JUnitReportReporter -->
<testsuite skipped="0" hostname="BDC8-DX-416P60T" name="com.spiderframe.testsuite.TestRunner" tests="1" failures="0" timestamp="12 Jun 2017 08:36:42 GMT" time="0.015" errors="0">
  <testcase name="test" time="0.015" classname="com.spiderframe.testsuite.TestRunner"/>
</testsuite> <!-- com.spiderframe.testsuite.TestRunner -->
