<?xml version="1.0" encoding="UTF-8"?>
<!-- Generated by org.testng.reporters.JUnitReportReporter -->
<testsuite skipped="0" hostname="BDC8-DX-416P60T" name="com.spiderframe.common.utility.TestNGOrder" tests="2" failures="0" timestamp="20 Jun 2017 10:00:12 GMT" time="0.000" errors="0">
  <testcase name="f" time="0.000" classname="com.spiderframe.common.utility.TestNGOrder"/>
  <testcase name="f" time="0.000" classname="com.spiderframe.common.utility.TestNGOrder"/>
</testsuite> <!-- com.spiderframe.common.utility.TestNGOrder -->
