<?xml version="1.0" encoding="UTF-8"?>
<!-- Generated by org.testng.reporters.JUnitReportReporter -->
<testsuite skipped="0" hostname="BDC8-DX-416P60T" name="com.spiderframe.common.utility.NewTest" tests="2" failures="0" timestamp="20 Jun 2017 09:53:59 GMT" time="0.032" errors="0">
  <testcase name="f" time="0.016" classname="com.spiderframe.common.utility.NewTest"/>
  <testcase name="f" time="0.016" classname="com.spiderframe.common.utility.NewTest"/>
</testsuite> <!-- com.spiderframe.common.utility.NewTest -->
