<?xml version="1.0" encoding="UTF-8"?>
<!-- Generated by org.testng.reporters.JUnitReportReporter -->
<testsuite skipped="0" hostname="BDC8-DX-416P60T" name="com.spiderframe.testsuite.TestSuiteRunner" tests="6" failures="0" timestamp="19 Jun 2017 09:44:18 GMT" time="125.535" errors="0">
  <testcase name="test" time="24.159" classname="com.spiderframe.testsuite.TestSuiteRunner"/>
  <testcase name="test" time="8.754" classname="com.spiderframe.testsuite.TestSuiteRunner"/>
  <testcase name="test" time="14.083" classname="com.spiderframe.testsuite.TestSuiteRunner"/>
  <testcase name="test" time="29.942" classname="com.spiderframe.testsuite.TestSuiteRunner"/>
  <testcase name="test" time="27.990" classname="com.spiderframe.testsuite.TestSuiteRunner"/>
  <testcase name="test" time="20.607" classname="com.spiderframe.testsuite.TestSuiteRunner"/>
</testsuite> <!-- com.spiderframe.testsuite.TestSuiteRunner -->
